[2022-09-07T15:31:01.466] [WARN] devWarn - GET en /loginwerwer
[2022-10-19T12:17:35.391] [WARN] devWarn - GET en /productos/css/style.css
[2022-10-19T12:17:43.229] [WARN] devWarn - GET en /productos/css/style.css
[2022-10-19T12:18:37.721] [WARN] devWarn - GET en /productos/css/style.css
[2022-10-19T12:18:40.037] [WARN] devWarn - GET en /productos/css/style.css
[2022-10-19T12:18:41.532] [WARN] devWarn - GET en /productos/css/style.css
[2022-10-19T12:18:43.144] [WARN] devWarn - GET en /productos/css/style.css
[2022-10-19T12:18:45.662] [WARN] devWarn - GET en /productos/css/style.css
[2022-10-19T12:18:47.376] [WARN] devWarn - GET en /productos/css/style.css
[2022-10-19T12:18:48.919] [WARN] devWarn - GET en /productos/css/style.css
[2022-10-19T12:18:51.015] [WARN] devWarn - GET en /productos/css/style.css
[2022-10-19T12:18:53.247] [WARN] devWarn - GET en /productos/css/style.css
[2022-10-19T12:18:54.788] [WARN] devWarn - GET en /productos/css/style.css
[2022-10-19T12:19:24.086] [WARN] devWarn - GET en /productos/css/style.css
[2022-10-19T12:19:25.767] [WARN] devWarn - GET en /productos/css/style.css
[2022-10-19T12:19:27.116] [WARN] devWarn - GET en /productos/css/style.css
[2022-10-19T12:19:28.152] [WARN] devWarn - GET en /productos/css/style.css
[2022-10-19T12:19:30.828] [WARN] devWarn - GET en /productos/css/style.css
[2022-10-19T12:19:32.809] [WARN] devWarn - GET en /productos/css/style.css
[2022-10-19T12:19:39.346] [WARN] devWarn - GET en /productos/css/style.css
[2022-10-19T12:19:44.077] [WARN] devWarn - GET en /productos/css/style.css
[2022-10-19T12:20:01.304] [WARN] devWarn - GET en /productos/css/style.css
[2022-10-19T12:20:09.173] [WARN] devWarn - GET en /carrito/6318c1053b343ac6a28c66c3/css/style.css
[2022-10-19T12:20:14.338] [WARN] devWarn - GET en /productos/css/style.css
[2022-10-19T12:20:16.439] [WARN] devWarn - GET en /carrito/6318c1053b343ac6a28c66c3/css/style.css
[2022-10-19T12:21:21.273] [WARN] devWarn - GET en /productos/css/style.css
[2022-10-19T12:23:44.176] [WARN] devWarn - GET en /productos/category/css/style.css
[2022-10-19T12:23:46.163] [WARN] devWarn - GET en /productos/css/style.css
[2022-10-19T12:23:48.068] [WARN] devWarn - GET en /productos/category/css/style.css
[2022-10-19T12:23:50.629] [WARN] devWarn - GET en /productos/css/style.css
[2022-10-19T12:23:54.021] [WARN] devWarn - GET en /productos/css/style.css
[2022-10-19T12:26:08.471] [WARN] devWarn - GET en /productos/category/css/style.css
[2022-10-19T12:26:11.669] [WARN] devWarn - GET en /productos/css/style.css
[2022-10-19T14:04:48.088] [WARN] devWarn - GET en /sdfsd
[2022-10-19T14:05:11.294] [WARN] devWarn - GET en /productos/
[2022-10-19T14:05:31.255] [WARN] devWarn - GET en /dfgdf/
[2022-10-19T15:58:48.889] [WARN] devWarn - GET en /carrito/6318c1053b343ac6a28c66c3/productos
[2022-10-19T15:59:05.162] [WARN] devWarn - GET en /carrito/6318c1053b343ac6a28c66c3/productos
[2022-10-19T16:17:01.749] [WARN] devWarn - GET en /carrito/productos/635003775fae4a1023bfb6a1
[2022-10-19T16:43:34.374] [WARN] devWarn - GET en /carrito/productos/635003775fae4a1023bfb6a1
[2022-10-19T17:26:21.408] [WARN] devWarn - GET en /carrito/productos/635003775fae4a1023bfb6a1
[2022-10-19T17:26:23.923] [WARN] devWarn - GET en /carrito/productos/635003775fae4a1023bfb6a1
[2022-10-19T17:27:25.866] [WARN] devWarn - GET en /carrito/productos/635003775fae4a1023bfb6a1
[2022-10-19T17:27:29.652] [WARN] devWarn - GET en /carrito/productos/635003775fae4a1023bfb6a1
[2022-10-20T09:51:55.827] [WARN] devWarn - GET en /favicon.ico
[2022-10-20T09:56:38.012] [WARN] devWarn - GET en /carrito/63207c5ee95fbd9b63e64dc2
[2022-10-21T14:13:54.507] [WARN] devWarn - GET en /favicon.ico
[2022-10-21T14:32:09.368] [WARN] devWarn - GET en /favicon.ico
[2022-10-25T16:11:48.125] [WARN] devWarn - GET en /chat/dfgd/dff
[2022-10-25T16:43:34.435] [WARN] devWarn - GET en /dfgdfgdfgdfg
[2022-10-25T16:43:59.409] [WARN] devWarn - GET en /dfgdfgdfgdfg
[2022-10-25T16:45:00.784] [WARN] devWarn - GET en /productos/sdfsdfsdfsdfsd/sdfsdfsdfsdf
[2022-10-25T16:47:58.000] [WARN] devWarn - GET en /zxczxczxc
[2022-10-25T16:49:03.156] [WARN] devWarn - GET en /zxchoolaaaaac
[2022-10-25T16:59:29.736] [WARN] devWarn - GET en /Hola
[2022-10-25T17:00:09.067] [WARN] devWarn - GET en /Hola
[2022-10-25T17:00:24.494] [WARN] devWarn - GET en /Hola
[2022-10-26T14:02:47.132] [WARN] devWarn - GET en /favicon.ico
[2022-10-26T14:29:08.093] [WARN] devWarn - GET en /favicon.ico
[2022-10-30T09:27:57.035] [WARN] devWarn - GET en /css/style.css
[2022-10-30T09:28:01.477] [WARN] devWarn - GET en /css/style.css
[2022-10-30T09:28:03.552] [WARN] devWarn - GET en /css/style.css
[2022-10-30T09:28:04.600] [WARN] devWarn - GET en /css/style.css
[2022-10-30T09:54:53.706] [WARN] devWarn - GET en /css/style.css
[2022-10-30T09:54:58.272] [WARN] devWarn - GET en /css/style.css
[2022-10-30T09:55:05.499] [WARN] devWarn - GET en /css/style.css
[2022-10-30T09:55:07.530] [WARN] devWarn - GET en /css/style.css
[2022-10-30T09:55:09.909] [WARN] devWarn - GET en /css/style.css
[2022-10-30T09:55:11.324] [WARN] devWarn - GET en /css/style.css
[2022-10-30T09:55:13.416] [WARN] devWarn - GET en /css/style.css
[2022-10-30T09:55:15.798] [WARN] devWarn - GET en /css/style.css
[2022-10-30T09:55:15.859] [WARN] devWarn - GET en /productos/img/pala.png
[2022-10-30T09:55:17.632] [WARN] devWarn - GET en /css/style.css
[2022-10-30T09:55:20.630] [WARN] devWarn - GET en /css/style.css
[2022-10-30T10:01:07.654] [WARN] devWarn - GET en /css/style.css
[2022-10-30T10:01:09.097] [WARN] devWarn - GET en /css/style.css
[2022-10-30T10:01:10.497] [WARN] devWarn - GET en /css/style.css
[2022-10-30T10:01:12.332] [WARN] devWarn - GET en /css/style.css
[2022-10-30T10:01:49.418] [WARN] devWarn - GET en /css/style.css
[2022-10-30T10:03:13.406] [WARN] devWarn - GET en /css/style.css
[2022-10-30T10:03:14.799] [WARN] devWarn - GET en /css/style.css
[2022-10-30T10:03:16.137] [WARN] devWarn - GET en /css/style.css
[2022-10-30T10:04:10.166] [WARN] devWarn - GET en /css/style.css
[2022-10-30T10:04:21.013] [WARN] devWarn - GET en /css/style.css
[2022-10-30T10:04:30.094] [WARN] devWarn - GET en /css/style.css
[2022-10-30T10:04:35.289] [WARN] devWarn - GET en /css/style.css
[2022-10-30T10:04:46.961] [WARN] devWarn - GET en /css/style.css
[2022-10-30T10:05:28.794] [WARN] devWarn - GET en /css/style.css
[2022-10-30T10:07:01.784] [WARN] devWarn - GET en /css/style.css
[2022-10-30T10:07:03.623] [WARN] devWarn - GET en /css/style.css
[2022-10-30T10:07:07.050] [WARN] devWarn - GET en /css/style.css
[2022-10-30T10:08:18.316] [WARN] devWarn - GET en /css/style.css
[2022-10-30T10:39:57.271] [WARN] devWarn - GET en /css/style.css
[2022-10-30T10:40:02.521] [WARN] devWarn - GET en /css/style.css
[2022-10-30T10:40:04.428] [WARN] devWarn - GET en /css/style.css
[2022-10-30T10:42:05.848] [WARN] devWarn - GET en /css/style.css
[2022-10-30T10:42:07.629] [WARN] devWarn - GET en /css/style.css
[2022-10-30T10:43:30.800] [WARN] devWarn - GET en /css/style.css
[2022-11-02T08:00:54.962] [WARN] devWarn - GET en /css/style.css
[2022-11-02T08:00:59.394] [WARN] devWarn - GET en /css/style.css
[2022-11-02T08:01:05.119] [WARN] devWarn - GET en /css/style.css
[2022-11-02T08:01:06.862] [WARN] devWarn - GET en /css/style.css
[2022-11-02T08:01:12.791] [WARN] devWarn - GET en /css/style.css
[2022-11-02T08:16:59.932] [WARN] devWarn - GET en /css/style.css
[2022-11-02T08:17:04.329] [WARN] devWarn - GET en /css/style.css
[2022-11-02T08:17:08.268] [WARN] devWarn - GET en /css/style.css
[2022-11-02T08:17:10.657] [WARN] devWarn - GET en /css/style.css
[2022-11-02T08:17:12.165] [WARN] devWarn - GET en /css/style.css
[2022-11-02T08:31:23.703] [WARN] devWarn - GET en /css/style.css
[2022-11-02T08:31:28.389] [WARN] devWarn - GET en /css/style.css
[2022-11-02T08:31:39.680] [WARN] devWarn - GET en /css/style.css
[2022-11-02T08:32:29.543] [WARN] devWarn - GET en /css/style.css
[2022-11-02T08:32:34.344] [WARN] devWarn - GET en /css/style.css
[2022-11-02T08:32:38.842] [WARN] devWarn - GET en /css/style.css
[2022-11-02T08:32:42.227] [WARN] devWarn - GET en /css/style.css
[2022-11-02T08:32:47.968] [WARN] devWarn - GET en /css/style.css
[2022-11-02T08:32:49.714] [WARN] devWarn - GET en /css/style.css
[2022-11-02T08:32:51.081] [WARN] devWarn - GET en /css/style.css
[2022-11-02T08:32:54.110] [WARN] devWarn - GET en /css/style.css
[2022-11-02T08:36:42.348] [WARN] devWarn - GET en /css/style.css
[2022-11-02T08:36:50.150] [WARN] devWarn - GET en /css/style.css
[2022-11-02T08:36:51.131] [WARN] devWarn - GET en /css/style.css
[2022-11-02T08:39:09.993] [WARN] devWarn - GET en /css/style.css
[2022-11-02T08:39:14.154] [WARN] devWarn - GET en /css/style.css
[2022-11-02T08:39:17.747] [WARN] devWarn - GET en /css/style.css
[2022-11-02T08:39:19.506] [WARN] devWarn - GET en /css/style.css
[2022-11-02T08:39:21.985] [WARN] devWarn - GET en /css/style.css
